[0m21:51:58.038321 [debug] [MainThread]: Sending event: {'category': 'dbt', 'action': 'invocation', 'label': 'start', 'context': [<snowplow_tracker.self_describing_json.SelfDescribingJson object at 0x7f11ba7ba620>, <snowplow_tracker.self_describing_json.SelfDescribingJson object at 0x7f11b889f190>, <snowplow_tracker.self_describing_json.SelfDescribingJson object at 0x7f11b889f100>]}


============================== 21:51:58.045993 | efae1caf-00fc-42cd-85ce-0fbcd937e082 ==============================
[0m21:51:58.045993 [info ] [MainThread]: Running with dbt=1.6.1
[0m21:51:58.054039 [debug] [MainThread]: running dbt with arguments {'printer_width': '80', 'indirect_selection': 'eager', 'write_json': 'True', 'log_cache_events': 'False', 'partial_parse': 'True', 'cache_selected_only': 'False', 'profiles_dir': '/root/.dbt', 'debug': 'False', 'warn_error': 'None', 'log_path': 'logs', 'fail_fast': 'False', 'version_check': 'True', 'use_colors': 'True', 'use_experimental_parser': 'False', 'no_print': 'None', 'quiet': 'False', 'warn_error_options': 'WarnErrorOptions(include=[], exclude=[])', 'static_parser': 'True', 'introspect': 'True', 'invocation_command': 'dbt init', 'target_path': 'None', 'log_format': 'default', 'send_anonymous_usage_stats': 'True'}
[0m21:51:58.055565 [warn ] [MainThread]: [ConfigFolderDirectory]: Unable to parse dict {'dir': PosixPath('/root/.dbt')}
[0m21:51:58.056628 [info ] [MainThread]: Creating dbt configuration folder at 
[0m21:52:36.499825 [debug] [MainThread]: Starter project path: /usr/local/lib/python3.10/dist-packages/dbt/include/starter_project
[0m21:52:36.512365 [info ] [MainThread]: 
Your new dbt project "nyc_parking_violations" was created!

For more information on how to configure the profiles.yml file,
please consult the dbt documentation here:

  https://docs.getdbt.com/docs/configure-your-profile

One more thing:

Need help? Don't hesitate to reach out to us via GitHub issues or on Slack:

  https://community.getdbt.com/

Happy modeling!

[0m21:52:36.514198 [info ] [MainThread]: Setting up your profile.
[0m21:52:42.690927 [info ] [MainThread]: No sample profile found for duckdb.
[0m21:52:42.691982 [debug] [MainThread]: Command `dbt init` succeeded at 21:52:42.691807 after 44.66 seconds
[0m21:52:42.692564 [debug] [MainThread]: Sending event: {'category': 'dbt', 'action': 'invocation', 'label': 'end', 'context': [<snowplow_tracker.self_describing_json.SelfDescribingJson object at 0x7f11ba7ba620>, <snowplow_tracker.self_describing_json.SelfDescribingJson object at 0x7f11bc9c3c10>, <snowplow_tracker.self_describing_json.SelfDescribingJson object at 0x7f11b889f130>]}
[0m21:52:42.693233 [debug] [MainThread]: Flushing usage events
